<?xml version="1.0" encoding="UTF-8"?>
<testsuite name="org.lab.rm.engine.cloud.config.ConfigserverApplicationTests" tests="1" skipped="0" failures="0" errors="0" timestamp="2018-04-21T07:12:59" hostname="labcabrera" time="0.001">
  <properties/>
  <testcase name="contextLoads" classname="org.lab.rm.engine.cloud.config.ConfigserverApplicationTests" time="0.001"/>
  <system-out><![CDATA[]]></system-out>
  <system-err><![CDATA[]]></system-err>
</testsuite>
